<?xml version="1.0" encoding="UTF-8"?>
<testng-results ignored="0" total="2" passed="2" failed="0" skipped="0">
  <reporter-output>
  </reporter-output>
  <suite started-at="2024-03-26T12:36:22 IST" name="Suite" finished-at="2024-03-26T12:36:38 IST" duration-ms="16181">
    <groups>
    </groups>
    <test started-at="2024-03-26T12:36:22 IST" name="Test_1" finished-at="2024-03-26T12:36:30 IST" duration-ms="8466">
      <class name="test.login">
        <test-method signature="browser()[pri:0, instance:test.login@44ebcd03]" started-at="2024-03-26T12:36:22 IST" name="browser" finished-at="2024-03-26T12:36:30 IST" duration-ms="8369" status="PASS">
          <reporter-output>
          </reporter-output>
        </test-method> <!-- browser -->
      </class> <!-- test.login -->
    </test> <!-- Test_1 -->
    <test started-at="2024-03-26T12:36:30 IST" name="Test_2" finished-at="2024-03-26T12:36:38 IST" duration-ms="7648">
      <class name="test.login">
        <test-method signature="browser()[pri:0, instance:test.login@1bd4fdd]" started-at="2024-03-26T12:36:30 IST" name="browser" finished-at="2024-03-26T12:36:38 IST" duration-ms="7643" status="PASS">
          <reporter-output>
          </reporter-output>
        </test-method> <!-- browser -->
      </class> <!-- test.login -->
    </test> <!-- Test_2 -->
  </suite> <!-- Suite -->
</testng-results>
