<?xml version="1.0" encoding="UTF-8"?>
<testng-results ignored="0" total="1" passed="1" failed="0" skipped="0">
  <reporter-output>
  </reporter-output>
  <suite started-at="2024-03-26T11:52:03 IST" name="Suite" finished-at="2024-03-26T11:52:14 IST" duration-ms="10510">
    <groups>
    </groups>
    <test started-at="2024-03-26T11:52:03 IST" name="Test" finished-at="2024-03-26T11:52:14 IST" duration-ms="10510">
      <class name="test.login">
        <test-method signature="browser()[pri:0, instance:test.login@45752059]" started-at="2024-03-26T11:52:03 IST" name="browser" finished-at="2024-03-26T11:52:14 IST" duration-ms="10362" status="PASS">
          <reporter-output>
          </reporter-output>
        </test-method> <!-- browser -->
      </class> <!-- test.login -->
    </test> <!-- Test -->
  </suite> <!-- Suite -->
</testng-results>
